#-----------------------------------------------------------
# Vivado v2018.2 (64-bit)
# SW Build 2258646 on Thu Jun 14 20:03:12 MDT 2018
# IP Build 2256618 on Thu Jun 14 22:10:49 MDT 2018
# Start of session at: Wed Dec  5 01:35:30 2018
# Process ID: 12744
# Current directory: C:/Users/luisg/Desktop/Fall 2018/PIDcontroller_Verilog/PID_Stable
# Command line: vivado.exe -gui_launcher_event rodinguilauncherevent10076 C:\Users\luisg\Desktop\Fall 2018\PIDcontroller_Verilog\PID_Stable\PID_Stable.xpr
# Log file: C:/Users/luisg/Desktop/Fall 2018/PIDcontroller_Verilog/PID_Stable/vivado.log
# Journal file: C:/Users/luisg/Desktop/Fall 2018/PIDcontroller_Verilog/PID_Stable\vivado.jou
#-----------------------------------------------------------
start_gui
open_project {C:/Users/luisg/Desktop/Fall 2018/PIDcontroller_Verilog/PID_Stable/PID_Stable.xpr}
Scanning sources...
Finished scanning sources
INFO: [IP_Flow 19-234] Refreshing IP repositories
INFO: [IP_Flow 19-1704] No user IP repositories specified
INFO: [IP_Flow 19-2313] Loaded Vivado IP repository 'C:/Xilinx/Vivado/2018.2/data/ip'.
update_compile_order -fileset sources_1
exit
INFO: [Common 17-206] Exiting Vivado at Wed Dec  5 01:36:00 2018...
