#-----------------------------------------------------------
# Vivado v2018.2 (64-bit)
# SW Build 2258646 on Thu Jun 14 20:03:12 MDT 2018
# IP Build 2256618 on Thu Jun 14 22:10:49 MDT 2018
# Start of session at: Sun Dec  2 19:56:26 2018
# Process ID: 22480
# Current directory: C:/Users/luisg/Desktop/Fall 2018/PIDcontroller_Verilog/PID_main
# Command line: vivado.exe -gui_launcher_event rodinguilauncherevent22492 C:\Users\luisg\Desktop\Fall 2018\PIDcontroller_Verilog\PID_main\PID_main.xpr
# Log file: C:/Users/luisg/Desktop/Fall 2018/PIDcontroller_Verilog/PID_main/vivado.log
# Journal file: C:/Users/luisg/Desktop/Fall 2018/PIDcontroller_Verilog/PID_main\vivado.jou
#-----------------------------------------------------------
start_gui
open_project {C:/Users/luisg/Desktop/Fall 2018/PIDcontroller_Verilog/PID_main/PID_main.xpr}
Scanning sources...
Finished scanning sources
INFO: [IP_Flow 19-234] Refreshing IP repositories
INFO: [IP_Flow 19-1704] No user IP repositories specified
INFO: [IP_Flow 19-2313] Loaded Vivado IP repository 'C:/Xilinx/Vivado/2018.2/data/ip'.
open_project: Time (s): cpu = 00:00:10 ; elapsed = 00:00:05 . Memory (MB): peak = 813.449 ; gain = 95.559
update_compile_order -fileset sources_1
exit
INFO: [Common 17-206] Exiting Vivado at Sun Dec  2 19:56:58 2018...
